0 info it worked if it ends with ok
1 verbose cli [ '/home/valentin/node/bin/node',
1 verbose cli   '/home/valentin/node/bin/npm',
1 verbose cli   'install',
1 verbose cli   '--save-dev',
1 verbose cli   'KARMA-JASMINE-JQUERY' ]
2 info using npm@1.4.28
3 info using node@v0.10.33
4 verbose readDependencies using package.json deps
5 verbose cache add [ 'KARMA-JASMINE-JQUERY', null ]
6 verbose cache add name=undefined spec="KARMA-JASMINE-JQUERY" args=["KARMA-JASMINE-JQUERY",null]
7 verbose parsed url { protocol: null,
7 verbose parsed url   slashes: null,
7 verbose parsed url   auth: null,
7 verbose parsed url   host: null,
7 verbose parsed url   port: null,
7 verbose parsed url   hostname: null,
7 verbose parsed url   hash: null,
7 verbose parsed url   search: null,
7 verbose parsed url   query: null,
7 verbose parsed url   pathname: 'KARMA-JASMINE-JQUERY',
7 verbose parsed url   path: 'KARMA-JASMINE-JQUERY',
7 verbose parsed url   href: 'KARMA-JASMINE-JQUERY' }
8 silly lockFile 67493bd5-KARMA-JASMINE-JQUERY KARMA-JASMINE-JQUERY
9 verbose lock KARMA-JASMINE-JQUERY /home/valentin/.npm/67493bd5-KARMA-JASMINE-JQUERY.lock
10 silly lockFile 67493bd5-KARMA-JASMINE-JQUERY KARMA-JASMINE-JQUERY
11 silly lockFile 67493bd5-KARMA-JASMINE-JQUERY KARMA-JASMINE-JQUERY
12 verbose addNamed [ 'KARMA-JASMINE-JQUERY', '' ]
13 verbose addNamed [ null, '*' ]
14 silly lockFile 07851384-KARMA-JASMINE-JQUERY KARMA-JASMINE-JQUERY@
15 verbose lock KARMA-JASMINE-JQUERY@ /home/valentin/.npm/07851384-KARMA-JASMINE-JQUERY.lock
16 silly addNameRange { name: 'KARMA-JASMINE-JQUERY', range: '*', hasData: false }
17 verbose request where is /KARMA-JASMINE-JQUERY
18 verbose request registry https://registry.npmjs.org/
19 verbose request id 927806b276b1307f
20 verbose url raw /KARMA-JASMINE-JQUERY
21 verbose url resolving [ 'https://registry.npmjs.org/', './KARMA-JASMINE-JQUERY' ]
22 verbose url resolved https://registry.npmjs.org/KARMA-JASMINE-JQUERY
23 verbose request where is https://registry.npmjs.org/KARMA-JASMINE-JQUERY
24 info trying registry request attempt 1 at 18:34:46
25 http GET https://registry.npmjs.org/KARMA-JASMINE-JQUERY
26 http 404 https://registry.npmjs.org/KARMA-JASMINE-JQUERY
27 silly registry.get cb [ 404,
27 silly registry.get   { 'content-type': 'application/json',
27 silly registry.get     'cache-control': 'max-age=0',
27 silly registry.get     'content-length': '2',
27 silly registry.get     'accept-ranges': 'bytes',
27 silly registry.get     date: 'Sat, 31 Oct 2015 16:34:47 GMT',
27 silly registry.get     via: '1.1 varnish',
27 silly registry.get     age: '0',
27 silly registry.get     connection: 'keep-alive',
27 silly registry.get     'x-served-by': 'cache-fra1222-FRA',
27 silly registry.get     'x-cache': 'MISS',
27 silly registry.get     'x-cache-hits': '0',
27 silly registry.get     'x-timer': 'S1446309287.034788,VS0,VE571' } ]
28 silly lockFile 07851384-KARMA-JASMINE-JQUERY KARMA-JASMINE-JQUERY@
29 silly lockFile 07851384-KARMA-JASMINE-JQUERY KARMA-JASMINE-JQUERY@
30 error 404 Not Found
30 error 404
30 error 404 'KARMA-JASMINE-JQUERY' is not in the npm registry.
30 error 404 You should bug the author to publish it
30 error 404 It was specified as a dependency of 'mtr-datepicker'
30 error 404
30 error 404 Note that you can also install from a
30 error 404 tarball, folder, or http url, or git url.
31 error System Linux 3.16.0-44-generic
32 error command "/home/valentin/node/bin/node" "/home/valentin/node/bin/npm" "install" "--save-dev" "KARMA-JASMINE-JQUERY"
33 error cwd /home/valentin/Documents/MTR-Design/github/mtr-datepicker
34 error node -v v0.10.33
35 error npm -v 1.4.28
36 error code E404
37 verbose exit [ 1, true ]
