Arguments: 
  /home/valentin/node/bin/node /usr/share/yarn/bin/yarn.js init

PATH: 
  /home/valentin/.rbenv/shims:/home/valentin/.rbenv/bin:/home/valentin/.phpbrew/php/php-5.6.17/bin::/home/valentin/bin:/usr/local/sbin:/usr/local/bin:/usr/sbin:/usr/bin:/sbin:/bin:/usr/games:/usr/local/games:/usr/local/bin:/home/valentin/.composer/vendor/bin:/home/valentin/node/bin:/home/valentin/lib/node_modules/jshint/bin

Yarn version: 
  0.17.10

Node version: 
  5.3.0

Platform: 
  linux ia32

npm manifest: 
  {
    "name": "mtr-datepicker",
    "private": false,
    "version": "0.3.5",
    "description": "The pure JavaScript ultimate datepicker",
    "license": "MIT",
    "homepage": "http://mtrdesign.github.io/mtr-datepicker/",
    "keywords": "datepicker, mtr datepicker, mtr design, pure javascript, javascript datepicker, js datepicker",
    "author": {
      "name": "MTR Design",
      "url":" http://www.mtr-design.com"
    },
    "contributors": [
      "Valentin Kirilov <valentin.kirilov@mtr-design.com> (valkirilov.github.io)"
    ],
    "repository" : {
      "type" : "git",
      "url" : "https://github.com/mtrdesign/mtr-datepicker.git"
    },
    "dependencies": {},
    "scripts": {
      "start": "grunt",
      "test": "node node_modules/karma/bin/karma start karma.conf.js"
    },
    "devDependencies": {
      "coveralls": "^2.11.4",
      "grunt": "^0.4.5",
      "grunt-cache-breaker": "^2.0.1",
      "grunt-cli": "^0.1.13",
      "grunt-contrib-concat": "^0.5.1",
      "grunt-contrib-connect": "^0.11.2",
      "grunt-contrib-cssmin": "^0.14.0",
      "grunt-contrib-jshint": "^0.11.3",
      "grunt-contrib-less": "^0.12.0",
      "grunt-contrib-uglify": "^0.9.2",
      "grunt-contrib-watch": "~0.6.1",
      "grunt-coveralls": "^1.0.0",
      "grunt-jsdoc": "^1.0.0",
      "grunt-karma-coveralls": "^2.5.4",
      "grunt-notify": "^0.4.1",
      "istanbul": "^0.4.0",
      "jasmine": "^2.3.2",
      "jasmine-core": "^2.3.4",
      "jasmine-jquery": "^2.1.1",
      "karma": "^0.13.14",
      "karma-chrome-launcher": "^0.2.1",
      "karma-coverage": "^0.5.3",
      "karma-firefox-launcher": "^0.1.6",
      "karma-ie-launcher": "^0.2.0",
      "karma-jasmine": "^0.3.6",
      "karma-jasmine-html-reporter": "^0.1.8",
      "karma-jasmine-jquery": "^0.1.1",
      "karma-jquery": "^0.1.0",
      "karma-opera-launcher": "^0.3.0",
      "karma-phantomjs-launcher": "^0.2.1",
      "karma-safari-launcher": "^0.1.1",
      "phantomjs": "^1.9.18",
      "shelljs": "^0.5.3"
    }
  }

yarn manifest: 
  No manifest

Lockfile: 
  No lockfile

Trace: 
  TypeError: Cannot convert object to primitive value
      at Object.<anonymous> (/usr/share/yarn/lib/cli/commands/init.js:93:27)
      at next (native)
      at step (/usr/share/yarn/node_modules/babel-runtime/helpers/asyncToGenerator.js:17:30)
      at /usr/share/yarn/node_modules/babel-runtime/helpers/asyncToGenerator.js:28:13
      at run (/usr/share/yarn/node_modules/core-js/library/modules/es6.promise.js:87:22)
      at /usr/share/yarn/node_modules/core-js/library/modules/es6.promise.js:100:28
      at flush (/usr/share/yarn/node_modules/core-js/library/modules/_microtask.js:18:9)
      at nextTickCallbackWith0Args (node.js:433:9)
      at process._tickCallback (node.js:362:13)
